2023-01-11 23:20:20,150 - INFO - ========================= PYTEST SESSION START =========================
2023-01-11 23:20:20,373 - WARNING - Unauthorized: /contracts/
2023-01-11 23:20:20,998 - WARNING - Forbidden: /contracts/
2023-01-11 23:20:21,711 - WARNING - Forbidden: /contracts/6/
2023-01-11 23:20:22,323 - WARNING - Forbidden: /contracts/9/
2023-01-11 23:20:22,503 - WARNING - Forbidden: /contracts/10/
2023-01-11 23:20:23,549 - WARNING - Unauthorized: /customers/
2023-01-11 23:20:24,065 - WARNING - Forbidden: /customers/
2023-01-11 23:20:24,593 - WARNING - Forbidden: /customers/32/
2023-01-11 23:20:25,204 - WARNING - Forbidden: /customers/35/
2023-01-11 23:20:25,386 - WARNING - Forbidden: /customers/36/
2023-01-11 23:20:27,117 - WARNING - Forbidden: /events/14/
2023-01-11 23:20:27,483 - WARNING - Bad Request: /events/
2023-01-11 23:20:27,666 - WARNING - Forbidden: /events/16/
2023-01-11 23:20:27,845 - WARNING - Forbidden: /events/17/
2023-01-11 23:20:28,535 - WARNING - Unauthorized: /events/
2023-01-11 23:20:29,054 - WARNING - Forbidden: /events/
2023-01-11 23:20:29,225 - WARNING - Forbidden: /events/24/
2023-01-11 23:20:29,398 - WARNING - Forbidden: /events/25/
2023-01-11 23:20:29,484 - WARNING - Unauthorized: /login/
2023-01-11 23:20:29,829 - INFO - ========================= PYTEST SESSION  END  =========================
